<?xml version="1.0" encoding="UTF-8"?>
<!-- Generated by org.testng.reporters.JUnitXMLReporter -->
<testsuite ignored="0" hostname="FX505DT-FX505DT" failures="2" tests="30" name="Regression Test on Egde" time="388.389" errors="0" timestamp="2025-09-20T14:24:46 GMT+07:00">
  <testcase classname="automation.testsuite.MayRuaChenBat_Test" name="filterByDiscount_checkList" time="5.63"/>
  <testcase classname="automation.testsuite.MayRuaChenBat_Test" name="filterByMaxPrice_checkList" time="5.555"/>
  <testcase classname="automation.testsuite.MayRuaChenBat_Test" name="filterByMinPrice_checkList" time="5.645"/>
  <testcase classname="automation.testsuite.MayRuaChenBat_Test" name="searchByBranchAndOriginAndQuantity_checklist" time="12.944"/>
  <testcase classname="automation.testsuite.MayRuaChenBat_Test" name="searchByBranchAndOrigin_checklist" time="8.589"/>
  <testcase classname="automation.testsuite.MayRuaChenBat_Test" name="searchByBranchAndPriceAndOriginAndQuantity_checklist" time="12.594"/>
  <testcase classname="automation.testsuite.MayRuaChenBat_Test" name="searchByBranchAndPriceAndOrigin_checklist" time="7.867"/>
  <testcase classname="automation.testsuite.MayRuaChenBat_Test" name="searchByBranchAndPriceAndQuantity_checklist" time="9.354"/>
  <testcase classname="automation.testsuite.MayRuaChenBat_Test" name="searchByBranchAndPrice_checklist" time="3.262">
    <failure type="java.lang.AssertionError" message="expected [true] but found [false]">
      <![CDATA[java.lang.AssertionError: expected [true] but found [false]
at automation.testsuite.MayRuaChenBat_Test.searchByBranchAndPrice_checklist(MayRuaChenBat_Test.java:100)
at java.base/java.util.ArrayList.forEach(ArrayList.java:1597)
... Removed 29 stack frames]]>
    </failure>
  </testcase> <!-- searchByBranchAndPrice_checklist -->
  <testcase classname="automation.testsuite.MayRuaChenBat_Test" name="searchByBranchAndQuantity_checklist" time="32.741">
    <failure type="org.openqa.selenium.TimeoutException" message="Expected condition failed: waiting for visibility of element located by By.xpath: //div[contains(@class, &amp;apos;product-list&amp;apos;)]//a[contains(@href, &amp;apos;bosch&amp;apos;)] (tried for 30 second(s) with 500 milliseconds interval)
Build info: version: &amp;apos;4.33.0&amp;apos;, revision: &amp;apos;2c6aaad03a&amp;apos;
System info: os.name: &amp;apos;Windows 11&amp;apos;, os.arch: &amp;apos;amd64&amp;apos;, os.version: &amp;apos;10.0&amp;apos;, java.version: &amp;apos;23.0.2&amp;apos;
Driver info: org.openqa.selenium.edge.EdgeDriver
Capabilities {acceptInsecureCerts: false, browserName: MicrosoftEdge, browserVersion: 140.0.3485.81, fedcm:accounts: true, ms:edgeOptions: {debuggerAddress: localhost:62655}, msedge: {msedgedriverVersion: 140.0.3485.54 (3cc379a8a5fb..., userDataDir: C:\Users\Admin\AppData\Loca...}, networkConnectionEnabled: false, pageLoadStrategy: normal, platformName: windows, proxy: Proxy(), se:cdp: ws://localhost:62655/devtoo..., se:cdpVersion: 140.0.3485.81, setWindowRect: true, strictFileInteractability: false, timeouts: {implicit: 0, pageLoad: 300000, script: 30000}, unhandledPromptBehavior: dismiss and notify, webauthn:extension:credBlob: true, webauthn:extension:largeBlob: true, webauthn:extension:minPinLength: true, webauthn:extension:prf: true, webauthn:virtualAuthenticators: true}
Session ID: a656b53392b00151b6d5da0dac4ca9aa">
      <![CDATA[org.openqa.selenium.TimeoutException: Expected condition failed: waiting for visibility of element located by By.xpath: //div[contains(@class, 'product-list')]//a[contains(@href, 'bosch')] (tried for 30 second(s) with 500 milliseconds interval)
Build info: version: '4.33.0', revision: '2c6aaad03a'
System info: os.name: 'Windows 11', os.arch: 'amd64', os.version: '10.0', java.version: '23.0.2'
Driver info: org.openqa.selenium.edge.EdgeDriver
Capabilities {acceptInsecureCerts: false, browserName: MicrosoftEdge, browserVersion: 140.0.3485.81, fedcm:accounts: true, ms:edgeOptions: {debuggerAddress: localhost:62655}, msedge: {msedgedriverVersion: 140.0.3485.54 (3cc379a8a5fb..., userDataDir: C:\Users\Admin\AppData\Loca...}, networkConnectionEnabled: false, pageLoadStrategy: normal, platformName: windows, proxy: Proxy(), se:cdp: ws://localhost:62655/devtoo..., se:cdpVersion: 140.0.3485.81, setWindowRect: true, strictFileInteractability: false, timeouts: {implicit: 0, pageLoad: 300000, script: 30000}, unhandledPromptBehavior: dismiss and notify, webauthn:extension:credBlob: true, webauthn:extension:largeBlob: true, webauthn:extension:minPinLength: true, webauthn:extension:prf: true, webauthn:virtualAuthenticators: true}
Session ID: a656b53392b00151b6d5da0dac4ca9aa
at org.openqa.selenium.support.ui.WebDriverWait.timeoutException(WebDriverWait.java:84)
at org.openqa.selenium.support.ui.FluentWait.until(FluentWait.java:228)
at automation.common.CommonBase.getListElementDOM(CommonBase.java:188)
at automation.testsuite.MayRuaChenBat_Test.searchByBranchAndQuantity_checklist(MayRuaChenBat_Test.java:130)
at java.base/java.util.ArrayList.forEach(ArrayList.java:1597)
... Removed 25 stack frames]]>
    </failure>
  </testcase> <!-- searchByBranchAndQuantity_checklist -->
  <testcase classname="automation.testsuite.MayRuaChenBat_Test" name="searchByBranch_checkItemInList" time="0.128"/>
  <testcase classname="automation.testsuite.MayRuaChenBat_Test" name="searchByOriginAndQuantity_checklist" time="11.899"/>
  <testcase classname="automation.testsuite.MayRuaChenBat_Test" name="searchByOrigin_checkItemInList" time="5.429"/>
  <testcase classname="automation.testsuite.MayRuaChenBat_Test" name="searchByPriceAndOriginAndQuantity_checklist" time="9.942"/>
  <testcase classname="automation.testsuite.MayRuaChenBat_Test" name="searchByPriceAndOrigin_checklist" time="6.476"/>
  <testcase classname="automation.testsuite.MayRuaChenBat_Test" name="searchByPriceAndQuantity_checklist" time="6.491"/>
  <testcase classname="automation.testsuite.MayRuaChenBat_Test" name="searchByPrice_checkItemInList" time="0.939"/>
  <testcase classname="automation.testsuite.MayRuaChenBat_Test" name="searchByQuantity_checkItemInList" time="5.484"/>
  <testcase classname="automation.testsuite.MayRuaChenBat_Test" name="viewDetailsAProduct_checkProduct" time="0.837"/>
  <testcase classname="automation.testsuite.MayRuaChenBatDetails_Test" name="buyInstallment_Failed_With_Empty_Address" time="0.793"/>
  <testcase classname="automation.testsuite.MayRuaChenBatDetails_Test" name="buyInstallment_Failed_With_Empty_Name" time="0.529"/>
  <testcase classname="automation.testsuite.MayRuaChenBatDetails_Test" name="buyInstallment_Failed_With_Empty_Phone" time="0.634"/>
  <testcase classname="automation.testsuite.MayRuaChenBatDetails_Test" name="checkBuyInstallments_openPopup" time="0.143"/>
  <testcase classname="automation.testsuite.MayRuaChenBatDetails_Test" name="checkSurveyInDetails_openPopup" time="0.198"/>
  <testcase classname="automation.testsuite.MayRuaChenBatDetails_Test" name="receiveConsult_Failed_With_Empty_Address" time="0.785"/>
  <testcase classname="automation.testsuite.MayRuaChenBatDetails_Test" name="receiveConsult_Failed_With_Empty_Name" time="0.709"/>
  <testcase classname="automation.testsuite.MayRuaChenBatDetails_Test" name="receiveConsult_Failed_With_Empty_Phone" time="2.206"/>
  <testcase classname="automation.testsuite.MayRuaChenBatCheckout_Tests" name="payment_Failed_With_Empty_Address" time="0.348"/>
  <testcase classname="automation.testsuite.MayRuaChenBatCheckout_Tests" name="payment_Failed_With_Empty_Name" time="0.382"/>
  <testcase classname="automation.testsuite.MayRuaChenBatCheckout_Tests" name="payment_Failed_With_Empty_Phone" time="0.385"/>
</testsuite> <!-- Regression Test on Egde -->
