<html>
<head>
<title>TestNG:  Regression Test on Firefox</title>
<link href="../testng.css" rel="stylesheet" type="text/css" />
<link href="../my-testng.css" rel="stylesheet" type="text/css" />

<style type="text/css">
.log { display: none;} 
.stack-trace { display: none;} 
</style>
<script type="text/javascript">
<!--
function flip(e) {
  current = e.style.display;
  if (current == 'block') {
    e.style.display = 'none';
    return 0;
  }
  else {
    e.style.display = 'block';
    return 1;
  }
}

function toggleBox(szDivId, elem, msg1, msg2)
{
  var res = -1;  if (document.getElementById) {
    res = flip(document.getElementById(szDivId));
  }
  else if (document.all) {
    // this is the way old msie versions work
    res = flip(document.all[szDivId]);
  }
  if(elem) {
    if(res == 0) elem.innerHTML = msg1; else elem.innerHTML = msg2;
  }

}

function toggleAllBoxes() {
  if (document.getElementsByTagName) {
    d = document.getElementsByTagName('div');
    for (i = 0; i < d.length; i++) {
      if (d[i].className == 'log') {
        flip(d[i]);
      }
    }
  }
}

// -->
</script>

</head>
<body>
<h2 align='center'>Regression Test on Firefox</h2><table border='1' align="center">
<tr>
<td>Tests passed/Failed/Skipped:</td><td>27/3/0</td>
</tr><tr>
<td>Started on:</td><td>Sat Sep 20 14:24:46 GMT+07:00 2025</td>
</tr>
<tr><td>Total time:</td><td>530 seconds (530401 ms)</td>
</tr><tr>
<td>Included groups:</td><td></td>
</tr><tr>
<td>Excluded groups:</td><td></td>
</tr>
</table><p/>
<small><i>(Hover the method name to see the test class name)</i></small><p/>
<table width='100%' border='1' class='invocation-failed'>
<tr><td colspan='4' align='center'><b>FAILED TESTS</b></td></tr>
<tr><td><b>Test method</b></td>
<td><b>Attribute(s)</b></td>
<td width="30%"><b>Exception</b></td>
<td width="10%"><b>Time (seconds)</b></td>
<td><b>Instance</b></td>
</tr>
<tr>
<td title='automation.testsuite.MayRuaChenBat_Test.searchByBranchAndOrigin_checklist()'><b>searchByBranchAndOrigin_checklist</b><br>Test class: automation.testsuite.MayRuaChenBat_Test</td>
<td><div><pre>org.openqa.selenium.TimeoutException: Expected condition failed: waiting for visibility of element located by By.xpath: //div[contains(@class, &apos;product-list&apos;)]//a[contains(@href, &apos;bosch&apos;)] (tried for 30 second(s) with 500 milliseconds interval)
Build info: version: &apos;4.33.0&apos;, revision: &apos;2c6aaad03a&apos;
System info: os.name: &apos;Windows 11&apos;, os.arch: &apos;amd64&apos;, os.version: &apos;10.0&apos;, java.version: &apos;23.0.2&apos;
Driver info: org.openqa.selenium.firefox.FirefoxDriver
Capabilities {acceptInsecureCerts: true, browserName: firefox, browserVersion: 142.0.1, moz:accessibilityChecks: false, moz:buildID: 20250827004350, moz:geckodriverVersion: 0.36.0, moz:headless: true, moz:platformVersion: 10.0, moz:processID: 21864, moz:profile: C:\Users\Admin\AppData\Loca..., moz:shutdownTimeout: 60000, moz:webdriverClick: true, moz:windowless: false, pageLoadStrategy: normal, platformName: windows, proxy: Proxy(), setWindowRect: true, strictFileInteractability: false, timeouts: {implicit: 0, pageLoad: 300000, script: 30000}, unhandledPromptBehavior: dismiss and notify, userAgent: Mozilla/5.0 (Windows NT 10....}
Session ID: a529dead-ca7b-4aa8-8703-73528d0ad8ac
	at org.openqa.selenium.support.ui.WebDriverWait.timeoutException(WebDriverWait.java:84)
	at org.openqa.selenium.support.ui.FluentWait.until(FluentWait.java:228)
	at automation.common.CommonBase.getListElementDOM(CommonBase.java:188)
	at automation.testsuite.MayRuaChenBat_Test.searchByBranchAndOrigin_checklist(MayRuaChenBat_Test.java:111)
	at java.base/java.util.ArrayList.forEach(ArrayList.java:1597)
... Removed 25 stack frames</pre></div><a href='#' onClick='toggleBox("stack-trace250676112", this, "Click to show all stack frames", "Click to hide stack frames")'>Click to show all stack frames</a>
<div class='stack-trace' id='stack-trace250676112'><pre>org.openqa.selenium.TimeoutException: Expected condition failed: waiting for visibility of element located by By.xpath: //div[contains(@class, &apos;product-list&apos;)]//a[contains(@href, &apos;bosch&apos;)] (tried for 30 second(s) with 500 milliseconds interval)
Build info: version: &apos;4.33.0&apos;, revision: &apos;2c6aaad03a&apos;
System info: os.name: &apos;Windows 11&apos;, os.arch: &apos;amd64&apos;, os.version: &apos;10.0&apos;, java.version: &apos;23.0.2&apos;
Driver info: org.openqa.selenium.firefox.FirefoxDriver
Capabilities {acceptInsecureCerts: true, browserName: firefox, browserVersion: 142.0.1, moz:accessibilityChecks: false, moz:buildID: 20250827004350, moz:geckodriverVersion: 0.36.0, moz:headless: true, moz:platformVersion: 10.0, moz:processID: 21864, moz:profile: C:\Users\Admin\AppData\Loca..., moz:shutdownTimeout: 60000, moz:webdriverClick: true, moz:windowless: false, pageLoadStrategy: normal, platformName: windows, proxy: Proxy(), setWindowRect: true, strictFileInteractability: false, timeouts: {implicit: 0, pageLoad: 300000, script: 30000}, unhandledPromptBehavior: dismiss and notify, userAgent: Mozilla/5.0 (Windows NT 10....}
Session ID: a529dead-ca7b-4aa8-8703-73528d0ad8ac
	at org.openqa.selenium.support.ui.WebDriverWait.timeoutException(WebDriverWait.java:84)
	at org.openqa.selenium.support.ui.FluentWait.until(FluentWait.java:228)
	at automation.common.CommonBase.getListElementDOM(CommonBase.java:188)
	at automation.testsuite.MayRuaChenBat_Test.searchByBranchAndOrigin_checklist(MayRuaChenBat_Test.java:111)
	at java.base/jdk.internal.reflect.DirectMethodHandleAccessor.invoke(DirectMethodHandleAccessor.java:103)
	at java.base/java.lang.reflect.Method.invoke(Method.java:580)
	at org.testng.internal.invokers.MethodInvocationHelper.invokeMethod(MethodInvocationHelper.java:141)
	at org.testng.internal.invokers.TestInvoker.invokeMethod(TestInvoker.java:687)
	at org.testng.internal.invokers.TestInvoker.invokeTestMethod(TestInvoker.java:230)
	at org.testng.internal.invokers.MethodRunner.runInSequence(MethodRunner.java:63)
	at org.testng.internal.invokers.TestInvoker$MethodInvocationAgent.invoke(TestInvoker.java:995)
	at org.testng.internal.invokers.TestInvoker.invokeTestMethods(TestInvoker.java:203)
	at org.testng.internal.invokers.TestMethodWorker.invokeTestMethods(TestMethodWorker.java:154)
	at org.testng.internal.invokers.TestMethodWorker.run(TestMethodWorker.java:134)
	at java.base/java.util.ArrayList.forEach(ArrayList.java:1597)
	at org.testng.TestRunner.privateRun(TestRunner.java:741)
	at org.testng.TestRunner.run(TestRunner.java:616)
	at org.testng.SuiteRunner.runTest(SuiteRunner.java:421)
	at org.testng.SuiteRunner.runSequentially(SuiteRunner.java:413)
	at org.testng.SuiteRunner.privateRun(SuiteRunner.java:373)
	at org.testng.SuiteRunner.run(SuiteRunner.java:312)
	at org.testng.SuiteRunnerWorker.runSuite(SuiteRunnerWorker.java:52)
	at org.testng.SuiteRunnerWorker.run(SuiteRunnerWorker.java:95)
	at org.testng.TestNG.runSuitesSequentially(TestNG.java:1274)
	at org.testng.TestNG.runSuitesLocally(TestNG.java:1208)
	at org.testng.TestNG.runSuites(TestNG.java:1112)
	at org.testng.TestNG.run(TestNG.java:1079)
	at org.testng.remote.AbstractRemoteTestNG.run(AbstractRemoteTestNG.java:115)
	at org.testng.remote.RemoteTestNG.initAndRun(RemoteTestNG.java:293)
	at org.testng.remote.RemoteTestNG.main(RemoteTestNG.java:91)
</pre></div></td>
<td>34</td>
<td>automation.testsuite.MayRuaChenBat_Test@2e1d27ba</td></tr>
<tr>
<td title='automation.testsuite.MayRuaChenBat_Test.searchByOrigin_checkItemInList()'><b>searchByOrigin_checkItemInList</b><br>Test class: automation.testsuite.MayRuaChenBat_Test</td>
<td><div><pre>org.openqa.selenium.NoSuchElementException: Unable to locate element: //a[contains(@href, &apos;bosch-sms6zci42e&apos;)]
For documentation on this error, please visit: https://www.selenium.dev/documentation/webdriver/troubleshooting/errors#no-such-element-exception
Build info: version: &apos;4.33.0&apos;, revision: &apos;2c6aaad03a&apos;
System info: os.name: &apos;Windows 11&apos;, os.arch: &apos;amd64&apos;, os.version: &apos;10.0&apos;, java.version: &apos;23.0.2&apos;
Driver info: org.openqa.selenium.firefox.FirefoxDriver
Command: [042cc493-0df7-4d45-83d5-a9be9ef0376e, findElement {value=//a[contains(@href, &apos;bosch-sms6zci42e&apos;)], using=xpath}]
Capabilities {acceptInsecureCerts: true, browserName: firefox, browserVersion: 142.0.1, moz:accessibilityChecks: false, moz:buildID: 20250827004350, moz:geckodriverVersion: 0.36.0, moz:headless: true, moz:platformVersion: 10.0, moz:processID: 6208, moz:profile: C:\Users\Admin\AppData\Loca..., moz:shutdownTimeout: 60000, moz:webdriverClick: true, moz:windowless: false, pageLoadStrategy: normal, platformName: windows, proxy: Proxy(), setWindowRect: true, strictFileInteractability: false, timeouts: {implicit: 0, pageLoad: 300000, script: 30000}, unhandledPromptBehavior: dismiss and notify, userAgent: Mozilla/5.0 (Windows NT 10....}
Session ID: 042cc493-0df7-4d45-83d5-a9be9ef0376e
	at org.openqa.selenium.remote.ErrorCodec.decode(ErrorCodec.java:167)
	at org.openqa.selenium.remote.codec.w3c.W3CHttpResponseCodec.decode(W3CHttpResponseCodec.java:138)
	at org.openqa.selenium.remote.codec.w3c.W3CHttpResponseCodec.decode(W3CHttpResponseCodec.java:50)
	at org.openqa.selenium.remote.HttpCommandExecutor.execute(HttpCommandExecutor.java:215)
	at org.openqa.selenium.remote.service.DriverCommandExecutor.invokeExecute(DriverCommandExecutor.java:216)
	at org.openqa.selenium.remote.service.DriverCommandExecutor.execute(DriverCommandExecutor.java:174)
	at org.openqa.selenium.remote.RemoteWebDriver.execute(RemoteWebDriver.java:544)
	at org.openqa.selenium.remote.ElementLocation$ElementFinder$2.findElement(ElementLocation.java:165)
	at org.openqa.selenium.remote.ElementLocation.findElement(ElementLocation.java:59)
	at org.openqa.selenium.remote.RemoteWebDriver.findElement(RemoteWebDriver.java:367)
	at org.openqa.selenium.remote.RemoteWebDriver.findElement(RemoteWebDriver.java:361)
	at automation.common.CommonBase.clickByJS(CommonBase.java:150)
	at automation.testsuite.MayRuaChenBat_Test.searchByOrigin_checkItemInList(MayRuaChenBat_Test.java:57)
	at java.base/java.util.ArrayList.forEach(ArrayList.java:1597)
... Removed 28 stack frames</pre></div><a href='#' onClick='toggleBox("stack-trace260382211", this, "Click to show all stack frames", "Click to hide stack frames")'>Click to show all stack frames</a>
<div class='stack-trace' id='stack-trace260382211'><pre>org.openqa.selenium.NoSuchElementException: Unable to locate element: //a[contains(@href, &apos;bosch-sms6zci42e&apos;)]
For documentation on this error, please visit: https://www.selenium.dev/documentation/webdriver/troubleshooting/errors#no-such-element-exception
Build info: version: &apos;4.33.0&apos;, revision: &apos;2c6aaad03a&apos;
System info: os.name: &apos;Windows 11&apos;, os.arch: &apos;amd64&apos;, os.version: &apos;10.0&apos;, java.version: &apos;23.0.2&apos;
Driver info: org.openqa.selenium.firefox.FirefoxDriver
Command: [042cc493-0df7-4d45-83d5-a9be9ef0376e, findElement {value=//a[contains(@href, &apos;bosch-sms6zci42e&apos;)], using=xpath}]
Capabilities {acceptInsecureCerts: true, browserName: firefox, browserVersion: 142.0.1, moz:accessibilityChecks: false, moz:buildID: 20250827004350, moz:geckodriverVersion: 0.36.0, moz:headless: true, moz:platformVersion: 10.0, moz:processID: 6208, moz:profile: C:\Users\Admin\AppData\Loca..., moz:shutdownTimeout: 60000, moz:webdriverClick: true, moz:windowless: false, pageLoadStrategy: normal, platformName: windows, proxy: Proxy(), setWindowRect: true, strictFileInteractability: false, timeouts: {implicit: 0, pageLoad: 300000, script: 30000}, unhandledPromptBehavior: dismiss and notify, userAgent: Mozilla/5.0 (Windows NT 10....}
Session ID: 042cc493-0df7-4d45-83d5-a9be9ef0376e
	at java.base/jdk.internal.reflect.DirectConstructorHandleAccessor.newInstance(DirectConstructorHandleAccessor.java:62)
	at java.base/java.lang.reflect.Constructor.newInstanceWithCaller(Constructor.java:501)
	at java.base/java.lang.reflect.Constructor.newInstance(Constructor.java:485)
	at org.openqa.selenium.remote.ErrorCodec.decode(ErrorCodec.java:167)
	at org.openqa.selenium.remote.codec.w3c.W3CHttpResponseCodec.decode(W3CHttpResponseCodec.java:138)
	at org.openqa.selenium.remote.codec.w3c.W3CHttpResponseCodec.decode(W3CHttpResponseCodec.java:50)
	at org.openqa.selenium.remote.HttpCommandExecutor.execute(HttpCommandExecutor.java:215)
	at org.openqa.selenium.remote.service.DriverCommandExecutor.invokeExecute(DriverCommandExecutor.java:216)
	at org.openqa.selenium.remote.service.DriverCommandExecutor.execute(DriverCommandExecutor.java:174)
	at org.openqa.selenium.remote.RemoteWebDriver.execute(RemoteWebDriver.java:544)
	at org.openqa.selenium.remote.ElementLocation$ElementFinder$2.findElement(ElementLocation.java:165)
	at org.openqa.selenium.remote.ElementLocation.findElement(ElementLocation.java:59)
	at org.openqa.selenium.remote.RemoteWebDriver.findElement(RemoteWebDriver.java:367)
	at org.openqa.selenium.remote.RemoteWebDriver.findElement(RemoteWebDriver.java:361)
	at automation.common.CommonBase.clickByJS(CommonBase.java:150)
	at automation.testsuite.MayRuaChenBat_Test.searchByOrigin_checkItemInList(MayRuaChenBat_Test.java:57)
	at java.base/jdk.internal.reflect.DirectMethodHandleAccessor.invoke(DirectMethodHandleAccessor.java:103)
	at java.base/java.lang.reflect.Method.invoke(Method.java:580)
	at org.testng.internal.invokers.MethodInvocationHelper.invokeMethod(MethodInvocationHelper.java:141)
	at org.testng.internal.invokers.TestInvoker.invokeMethod(TestInvoker.java:687)
	at org.testng.internal.invokers.TestInvoker.invokeTestMethod(TestInvoker.java:230)
	at org.testng.internal.invokers.MethodRunner.runInSequence(MethodRunner.java:63)
	at org.testng.internal.invokers.TestInvoker$MethodInvocationAgent.invoke(TestInvoker.java:995)
	at org.testng.internal.invokers.TestInvoker.invokeTestMethods(TestInvoker.java:203)
	at org.testng.internal.invokers.TestMethodWorker.invokeTestMethods(TestMethodWorker.java:154)
	at org.testng.internal.invokers.TestMethodWorker.run(TestMethodWorker.java:134)
	at java.base/java.util.ArrayList.forEach(ArrayList.java:1597)
	at org.testng.TestRunner.privateRun(TestRunner.java:741)
	at org.testng.TestRunner.run(TestRunner.java:616)
	at org.testng.SuiteRunner.runTest(SuiteRunner.java:421)
	at org.testng.SuiteRunner.runSequentially(SuiteRunner.java:413)
	at org.testng.SuiteRunner.privateRun(SuiteRunner.java:373)
	at org.testng.SuiteRunner.run(SuiteRunner.java:312)
	at org.testng.SuiteRunnerWorker.runSuite(SuiteRunnerWorker.java:52)
	at org.testng.SuiteRunnerWorker.run(SuiteRunnerWorker.java:95)
	at org.testng.TestNG.runSuitesSequentially(TestNG.java:1274)
	at org.testng.TestNG.runSuitesLocally(TestNG.java:1208)
	at org.testng.TestNG.runSuites(TestNG.java:1112)
	at org.testng.TestNG.run(TestNG.java:1079)
	at org.testng.remote.AbstractRemoteTestNG.run(AbstractRemoteTestNG.java:115)
	at org.testng.remote.RemoteTestNG.initAndRun(RemoteTestNG.java:293)
	at org.testng.remote.RemoteTestNG.main(RemoteTestNG.java:91)
</pre></div></td>
<td>0</td>
<td>automation.testsuite.MayRuaChenBat_Test@2e1d27ba</td></tr>
<tr>
<td title='automation.testsuite.MayRuaChenBat_Test.searchByQuantity_checkItemInList()'><b>searchByQuantity_checkItemInList</b><br>Test class: automation.testsuite.MayRuaChenBat_Test</td>
<td><div><pre>org.openqa.selenium.NoSuchElementException: Unable to locate element: //a[contains(@href, &apos;bosch-sps4emi60e&apos;)]
For documentation on this error, please visit: https://www.selenium.dev/documentation/webdriver/troubleshooting/errors#no-such-element-exception
Build info: version: &apos;4.33.0&apos;, revision: &apos;2c6aaad03a&apos;
System info: os.name: &apos;Windows 11&apos;, os.arch: &apos;amd64&apos;, os.version: &apos;10.0&apos;, java.version: &apos;23.0.2&apos;
Driver info: org.openqa.selenium.firefox.FirefoxDriver
Command: [5e6960ef-aa21-462c-95d6-798bda24894c, findElement {value=//a[contains(@href, &apos;bosch-sps4emi60e&apos;)], using=xpath}]
Capabilities {acceptInsecureCerts: true, browserName: firefox, browserVersion: 142.0.1, moz:accessibilityChecks: false, moz:buildID: 20250827004350, moz:geckodriverVersion: 0.36.0, moz:headless: true, moz:platformVersion: 10.0, moz:processID: 21108, moz:profile: C:\Users\Admin\AppData\Loca..., moz:shutdownTimeout: 60000, moz:webdriverClick: true, moz:windowless: false, pageLoadStrategy: normal, platformName: windows, proxy: Proxy(), setWindowRect: true, strictFileInteractability: false, timeouts: {implicit: 0, pageLoad: 300000, script: 30000}, unhandledPromptBehavior: dismiss and notify, userAgent: Mozilla/5.0 (Windows NT 10....}
Session ID: 5e6960ef-aa21-462c-95d6-798bda24894c
	at org.openqa.selenium.remote.ErrorCodec.decode(ErrorCodec.java:167)
	at org.openqa.selenium.remote.codec.w3c.W3CHttpResponseCodec.decode(W3CHttpResponseCodec.java:138)
	at org.openqa.selenium.remote.codec.w3c.W3CHttpResponseCodec.decode(W3CHttpResponseCodec.java:50)
	at org.openqa.selenium.remote.HttpCommandExecutor.execute(HttpCommandExecutor.java:215)
	at org.openqa.selenium.remote.service.DriverCommandExecutor.invokeExecute(DriverCommandExecutor.java:216)
	at org.openqa.selenium.remote.service.DriverCommandExecutor.execute(DriverCommandExecutor.java:174)
	at org.openqa.selenium.remote.RemoteWebDriver.execute(RemoteWebDriver.java:544)
	at org.openqa.selenium.remote.ElementLocation$ElementFinder$2.findElement(ElementLocation.java:165)
	at org.openqa.selenium.remote.ElementLocation.findElement(ElementLocation.java:59)
	at org.openqa.selenium.remote.RemoteWebDriver.findElement(RemoteWebDriver.java:367)
	at org.openqa.selenium.remote.RemoteWebDriver.findElement(RemoteWebDriver.java:361)
	at automation.common.CommonBase.clickByJS(CommonBase.java:150)
	at automation.testsuite.MayRuaChenBat_Test.searchByQuantity_checkItemInList(MayRuaChenBat_Test.java:68)
	at java.base/java.util.ArrayList.forEach(ArrayList.java:1597)
... Removed 28 stack frames</pre></div><a href='#' onClick='toggleBox("stack-trace721750979", this, "Click to show all stack frames", "Click to hide stack frames")'>Click to show all stack frames</a>
<div class='stack-trace' id='stack-trace721750979'><pre>org.openqa.selenium.NoSuchElementException: Unable to locate element: //a[contains(@href, &apos;bosch-sps4emi60e&apos;)]
For documentation on this error, please visit: https://www.selenium.dev/documentation/webdriver/troubleshooting/errors#no-such-element-exception
Build info: version: &apos;4.33.0&apos;, revision: &apos;2c6aaad03a&apos;
System info: os.name: &apos;Windows 11&apos;, os.arch: &apos;amd64&apos;, os.version: &apos;10.0&apos;, java.version: &apos;23.0.2&apos;
Driver info: org.openqa.selenium.firefox.FirefoxDriver
Command: [5e6960ef-aa21-462c-95d6-798bda24894c, findElement {value=//a[contains(@href, &apos;bosch-sps4emi60e&apos;)], using=xpath}]
Capabilities {acceptInsecureCerts: true, browserName: firefox, browserVersion: 142.0.1, moz:accessibilityChecks: false, moz:buildID: 20250827004350, moz:geckodriverVersion: 0.36.0, moz:headless: true, moz:platformVersion: 10.0, moz:processID: 21108, moz:profile: C:\Users\Admin\AppData\Loca..., moz:shutdownTimeout: 60000, moz:webdriverClick: true, moz:windowless: false, pageLoadStrategy: normal, platformName: windows, proxy: Proxy(), setWindowRect: true, strictFileInteractability: false, timeouts: {implicit: 0, pageLoad: 300000, script: 30000}, unhandledPromptBehavior: dismiss and notify, userAgent: Mozilla/5.0 (Windows NT 10....}
Session ID: 5e6960ef-aa21-462c-95d6-798bda24894c
	at java.base/jdk.internal.reflect.DirectConstructorHandleAccessor.newInstance(DirectConstructorHandleAccessor.java:62)
	at java.base/java.lang.reflect.Constructor.newInstanceWithCaller(Constructor.java:501)
	at java.base/java.lang.reflect.Constructor.newInstance(Constructor.java:485)
	at org.openqa.selenium.remote.ErrorCodec.decode(ErrorCodec.java:167)
	at org.openqa.selenium.remote.codec.w3c.W3CHttpResponseCodec.decode(W3CHttpResponseCodec.java:138)
	at org.openqa.selenium.remote.codec.w3c.W3CHttpResponseCodec.decode(W3CHttpResponseCodec.java:50)
	at org.openqa.selenium.remote.HttpCommandExecutor.execute(HttpCommandExecutor.java:215)
	at org.openqa.selenium.remote.service.DriverCommandExecutor.invokeExecute(DriverCommandExecutor.java:216)
	at org.openqa.selenium.remote.service.DriverCommandExecutor.execute(DriverCommandExecutor.java:174)
	at org.openqa.selenium.remote.RemoteWebDriver.execute(RemoteWebDriver.java:544)
	at org.openqa.selenium.remote.ElementLocation$ElementFinder$2.findElement(ElementLocation.java:165)
	at org.openqa.selenium.remote.ElementLocation.findElement(ElementLocation.java:59)
	at org.openqa.selenium.remote.RemoteWebDriver.findElement(RemoteWebDriver.java:367)
	at org.openqa.selenium.remote.RemoteWebDriver.findElement(RemoteWebDriver.java:361)
	at automation.common.CommonBase.clickByJS(CommonBase.java:150)
	at automation.testsuite.MayRuaChenBat_Test.searchByQuantity_checkItemInList(MayRuaChenBat_Test.java:68)
	at java.base/jdk.internal.reflect.DirectMethodHandleAccessor.invoke(DirectMethodHandleAccessor.java:103)
	at java.base/java.lang.reflect.Method.invoke(Method.java:580)
	at org.testng.internal.invokers.MethodInvocationHelper.invokeMethod(MethodInvocationHelper.java:141)
	at org.testng.internal.invokers.TestInvoker.invokeMethod(TestInvoker.java:687)
	at org.testng.internal.invokers.TestInvoker.invokeTestMethod(TestInvoker.java:230)
	at org.testng.internal.invokers.MethodRunner.runInSequence(MethodRunner.java:63)
	at org.testng.internal.invokers.TestInvoker$MethodInvocationAgent.invoke(TestInvoker.java:995)
	at org.testng.internal.invokers.TestInvoker.invokeTestMethods(TestInvoker.java:203)
	at org.testng.internal.invokers.TestMethodWorker.invokeTestMethods(TestMethodWorker.java:154)
	at org.testng.internal.invokers.TestMethodWorker.run(TestMethodWorker.java:134)
	at java.base/java.util.ArrayList.forEach(ArrayList.java:1597)
	at org.testng.TestRunner.privateRun(TestRunner.java:741)
	at org.testng.TestRunner.run(TestRunner.java:616)
	at org.testng.SuiteRunner.runTest(SuiteRunner.java:421)
	at org.testng.SuiteRunner.runSequentially(SuiteRunner.java:413)
	at org.testng.SuiteRunner.privateRun(SuiteRunner.java:373)
	at org.testng.SuiteRunner.run(SuiteRunner.java:312)
	at org.testng.SuiteRunnerWorker.runSuite(SuiteRunnerWorker.java:52)
	at org.testng.SuiteRunnerWorker.run(SuiteRunnerWorker.java:95)
	at org.testng.TestNG.runSuitesSequentially(TestNG.java:1274)
	at org.testng.TestNG.runSuitesLocally(TestNG.java:1208)
	at org.testng.TestNG.runSuites(TestNG.java:1112)
	at org.testng.TestNG.run(TestNG.java:1079)
	at org.testng.remote.AbstractRemoteTestNG.run(AbstractRemoteTestNG.java:115)
	at org.testng.remote.RemoteTestNG.initAndRun(RemoteTestNG.java:293)
	at org.testng.remote.RemoteTestNG.main(RemoteTestNG.java:91)
</pre></div></td>
<td>0</td>
<td>automation.testsuite.MayRuaChenBat_Test@2e1d27ba</td></tr>
</table><p>
<table width='100%' border='1' class='invocation-passed'>
<tr><td colspan='4' align='center'><b>PASSED TESTS</b></td></tr>
<tr><td><b>Test method</b></td>
<td><b>Attribute(s)</b></td>
<td width="30%"><b>Exception</b></td>
<td width="10%"><b>Time (seconds)</b></td>
<td><b>Instance</b></td>
</tr>
<tr>
<td title='automation.testsuite.MayRuaChenBatDetails_Test.buyInstallment_Failed_With_Empty_Address()'><b>buyInstallment_Failed_With_Empty_Address</b><br>Test class: automation.testsuite.MayRuaChenBatDetails_Test</td>
<td></td>
<td>0</td>
<td>automation.testsuite.MayRuaChenBatDetails_Test@61d6015a</td></tr>
<tr>
<td title='automation.testsuite.MayRuaChenBatDetails_Test.buyInstallment_Failed_With_Empty_Name()'><b>buyInstallment_Failed_With_Empty_Name</b><br>Test class: automation.testsuite.MayRuaChenBatDetails_Test</td>
<td></td>
<td>0</td>
<td>automation.testsuite.MayRuaChenBatDetails_Test@61d6015a</td></tr>
<tr>
<td title='automation.testsuite.MayRuaChenBat_Test.searchByBranchAndQuantity_checklist()'><b>searchByBranchAndQuantity_checklist</b><br>Test class: automation.testsuite.MayRuaChenBat_Test</td>
<td></td>
<td>4</td>
<td>automation.testsuite.MayRuaChenBat_Test@2e1d27ba</td></tr>
<tr>
<td title='automation.testsuite.MayRuaChenBat_Test.searchByBranchAndPrice_checklist()'><b>searchByBranchAndPrice_checklist</b><br>Test class: automation.testsuite.MayRuaChenBat_Test</td>
<td></td>
<td>3</td>
<td>automation.testsuite.MayRuaChenBat_Test@2e1d27ba</td></tr>
<tr>
<td title='automation.testsuite.MayRuaChenBat_Test.filterByMaxPrice_checkList()'><b>filterByMaxPrice_checkList</b><br>Test class: automation.testsuite.MayRuaChenBat_Test</td>
<td></td>
<td>3</td>
<td>automation.testsuite.MayRuaChenBat_Test@2e1d27ba</td></tr>
<tr>
<td title='automation.testsuite.MayRuaChenBatCheckout_Tests.payment_Failed_With_Empty_Address()'><b>payment_Failed_With_Empty_Address</b><br>Test class: automation.testsuite.MayRuaChenBatCheckout_Tests</td>
<td></td>
<td>0</td>
<td>automation.testsuite.MayRuaChenBatCheckout_Tests@2525ff7e</td></tr>
<tr>
<td title='automation.testsuite.MayRuaChenBat_Test.viewDetailsAProduct_checkProduct()'><b>viewDetailsAProduct_checkProduct</b><br>Test class: automation.testsuite.MayRuaChenBat_Test</td>
<td></td>
<td>2</td>
<td>automation.testsuite.MayRuaChenBat_Test@2e1d27ba</td></tr>
<tr>
<td title='automation.testsuite.MayRuaChenBat_Test.searchByBranchAndPriceAndQuantity_checklist()'><b>searchByBranchAndPriceAndQuantity_checklist</b><br>Test class: automation.testsuite.MayRuaChenBat_Test</td>
<td></td>
<td>7</td>
<td>automation.testsuite.MayRuaChenBat_Test@2e1d27ba</td></tr>
<tr>
<td title='automation.testsuite.MayRuaChenBatDetails_Test.buyInstallment_Failed_With_Empty_Phone()'><b>buyInstallment_Failed_With_Empty_Phone</b><br>Test class: automation.testsuite.MayRuaChenBatDetails_Test</td>
<td></td>
<td>0</td>
<td>automation.testsuite.MayRuaChenBatDetails_Test@61d6015a</td></tr>
<tr>
<td title='automation.testsuite.MayRuaChenBatDetails_Test.receiveConsult_Failed_With_Empty_Phone()'><b>receiveConsult_Failed_With_Empty_Phone</b><br>Test class: automation.testsuite.MayRuaChenBatDetails_Test</td>
<td></td>
<td>0</td>
<td>automation.testsuite.MayRuaChenBatDetails_Test@61d6015a</td></tr>
<tr>
<td title='automation.testsuite.MayRuaChenBat_Test.searchByPrice_checkItemInList()'><b>searchByPrice_checkItemInList</b><br>Test class: automation.testsuite.MayRuaChenBat_Test</td>
<td></td>
<td>2</td>
<td>automation.testsuite.MayRuaChenBat_Test@2e1d27ba</td></tr>
<tr>
<td title='automation.testsuite.MayRuaChenBat_Test.filterByMinPrice_checkList()'><b>filterByMinPrice_checkList</b><br>Test class: automation.testsuite.MayRuaChenBat_Test</td>
<td></td>
<td>3</td>
<td>automation.testsuite.MayRuaChenBat_Test@2e1d27ba</td></tr>
<tr>
<td title='automation.testsuite.MayRuaChenBat_Test.searchByBranchAndOriginAndQuantity_checklist()'><b>searchByBranchAndOriginAndQuantity_checklist</b><br>Test class: automation.testsuite.MayRuaChenBat_Test</td>
<td></td>
<td>11</td>
<td>automation.testsuite.MayRuaChenBat_Test@2e1d27ba</td></tr>
<tr>
<td title='automation.testsuite.MayRuaChenBatCheckout_Tests.payment_Failed_With_Empty_Phone()'><b>payment_Failed_With_Empty_Phone</b><br>Test class: automation.testsuite.MayRuaChenBatCheckout_Tests</td>
<td></td>
<td>0</td>
<td>automation.testsuite.MayRuaChenBatCheckout_Tests@2525ff7e</td></tr>
<tr>
<td title='automation.testsuite.MayRuaChenBat_Test.searchByPriceAndOrigin_checklist()'><b>searchByPriceAndOrigin_checklist</b><br>Test class: automation.testsuite.MayRuaChenBat_Test</td>
<td></td>
<td>4</td>
<td>automation.testsuite.MayRuaChenBat_Test@2e1d27ba</td></tr>
<tr>
<td title='automation.testsuite.MayRuaChenBatDetails_Test.receiveConsult_Failed_With_Empty_Name()'><b>receiveConsult_Failed_With_Empty_Name</b><br>Test class: automation.testsuite.MayRuaChenBatDetails_Test</td>
<td></td>
<td>0</td>
<td>automation.testsuite.MayRuaChenBatDetails_Test@61d6015a</td></tr>
<tr>
<td title='automation.testsuite.MayRuaChenBat_Test.searchByBranchAndPriceAndOrigin_checklist()'><b>searchByBranchAndPriceAndOrigin_checklist</b><br>Test class: automation.testsuite.MayRuaChenBat_Test</td>
<td></td>
<td>7</td>
<td>automation.testsuite.MayRuaChenBat_Test@2e1d27ba</td></tr>
<tr>
<td title='automation.testsuite.MayRuaChenBatDetails_Test.checkBuyInstallments_openPopup()'><b>checkBuyInstallments_openPopup</b><br>Test class: automation.testsuite.MayRuaChenBatDetails_Test</td>
<td></td>
<td>0</td>
<td>automation.testsuite.MayRuaChenBatDetails_Test@61d6015a</td></tr>
<tr>
<td title='automation.testsuite.MayRuaChenBat_Test.filterByDiscount_checkList()'><b>filterByDiscount_checkList</b><br>Test class: automation.testsuite.MayRuaChenBat_Test</td>
<td></td>
<td>3</td>
<td>automation.testsuite.MayRuaChenBat_Test@2e1d27ba</td></tr>
<tr>
<td title='automation.testsuite.MayRuaChenBat_Test.searchByPriceAndOriginAndQuantity_checklist()'><b>searchByPriceAndOriginAndQuantity_checklist</b><br>Test class: automation.testsuite.MayRuaChenBat_Test</td>
<td></td>
<td>8</td>
<td>automation.testsuite.MayRuaChenBat_Test@2e1d27ba</td></tr>
<tr>
<td title='automation.testsuite.MayRuaChenBat_Test.searchByPriceAndQuantity_checklist()'><b>searchByPriceAndQuantity_checklist</b><br>Test class: automation.testsuite.MayRuaChenBat_Test</td>
<td></td>
<td>4</td>
<td>automation.testsuite.MayRuaChenBat_Test@2e1d27ba</td></tr>
<tr>
<td title='automation.testsuite.MayRuaChenBat_Test.searchByBranchAndPriceAndOriginAndQuantity_checklist()'><b>searchByBranchAndPriceAndOriginAndQuantity_checklist</b><br>Test class: automation.testsuite.MayRuaChenBat_Test</td>
<td></td>
<td>10</td>
<td>automation.testsuite.MayRuaChenBat_Test@2e1d27ba</td></tr>
<tr>
<td title='automation.testsuite.MayRuaChenBat_Test.searchByOriginAndQuantity_checklist()'><b>searchByOriginAndQuantity_checklist</b><br>Test class: automation.testsuite.MayRuaChenBat_Test</td>
<td></td>
<td>10</td>
<td>automation.testsuite.MayRuaChenBat_Test@2e1d27ba</td></tr>
<tr>
<td title='automation.testsuite.MayRuaChenBatCheckout_Tests.payment_Failed_With_Empty_Name()'><b>payment_Failed_With_Empty_Name</b><br>Test class: automation.testsuite.MayRuaChenBatCheckout_Tests</td>
<td></td>
<td>0</td>
<td>automation.testsuite.MayRuaChenBatCheckout_Tests@2525ff7e</td></tr>
<tr>
<td title='automation.testsuite.MayRuaChenBatDetails_Test.receiveConsult_Failed_With_Empty_Address()'><b>receiveConsult_Failed_With_Empty_Address</b><br>Test class: automation.testsuite.MayRuaChenBatDetails_Test</td>
<td></td>
<td>0</td>
<td>automation.testsuite.MayRuaChenBatDetails_Test@61d6015a</td></tr>
<tr>
<td title='automation.testsuite.MayRuaChenBat_Test.searchByBranch_checkItemInList()'><b>searchByBranch_checkItemInList</b><br>Test class: automation.testsuite.MayRuaChenBat_Test</td>
<td></td>
<td>0</td>
<td>automation.testsuite.MayRuaChenBat_Test@2e1d27ba</td></tr>
<tr>
<td title='automation.testsuite.MayRuaChenBatDetails_Test.checkSurveyInDetails_openPopup()'><b>checkSurveyInDetails_openPopup</b><br>Test class: automation.testsuite.MayRuaChenBatDetails_Test</td>
<td></td>
<td>0</td>
<td>automation.testsuite.MayRuaChenBatDetails_Test@61d6015a</td></tr>
</table><p>
</body>
</html>