<?xml version="1.0" encoding="UTF-8"?>
<!-- Generated by org.testng.reporters.JUnitXMLReporter -->
<testsuite ignored="0" hostname="FX505DT-FX505DT" failures="3" tests="30" name="Regression Test on Firefox" time="530.401" errors="0" timestamp="2025-09-20T14:33:36 GMT+07:00">
  <testcase classname="automation.testsuite.MayRuaChenBat_Test" name="filterByDiscount_checkList" time="3.301"/>
  <testcase classname="automation.testsuite.MayRuaChenBat_Test" name="filterByMaxPrice_checkList" time="3.33"/>
  <testcase classname="automation.testsuite.MayRuaChenBat_Test" name="filterByMinPrice_checkList" time="3.539"/>
  <testcase classname="automation.testsuite.MayRuaChenBat_Test" name="searchByBranchAndOriginAndQuantity_checklist" time="11.56"/>
  <testcase classname="automation.testsuite.MayRuaChenBat_Test" name="searchByBranchAndOrigin_checklist" time="34.304">
    <failure type="org.openqa.selenium.TimeoutException" message="Expected condition failed: waiting for visibility of element located by By.xpath: //div[contains(@class, &amp;apos;product-list&amp;apos;)]//a[contains(@href, &amp;apos;bosch&amp;apos;)] (tried for 30 second(s) with 500 milliseconds interval)
Build info: version: &amp;apos;4.33.0&amp;apos;, revision: &amp;apos;2c6aaad03a&amp;apos;
System info: os.name: &amp;apos;Windows 11&amp;apos;, os.arch: &amp;apos;amd64&amp;apos;, os.version: &amp;apos;10.0&amp;apos;, java.version: &amp;apos;23.0.2&amp;apos;
Driver info: org.openqa.selenium.firefox.FirefoxDriver
Capabilities {acceptInsecureCerts: true, browserName: firefox, browserVersion: 142.0.1, moz:accessibilityChecks: false, moz:buildID: 20250827004350, moz:geckodriverVersion: 0.36.0, moz:headless: true, moz:platformVersion: 10.0, moz:processID: 21864, moz:profile: C:\Users\Admin\AppData\Loca..., moz:shutdownTimeout: 60000, moz:webdriverClick: true, moz:windowless: false, pageLoadStrategy: normal, platformName: windows, proxy: Proxy(), setWindowRect: true, strictFileInteractability: false, timeouts: {implicit: 0, pageLoad: 300000, script: 30000}, unhandledPromptBehavior: dismiss and notify, userAgent: Mozilla/5.0 (Windows NT 10....}
Session ID: a529dead-ca7b-4aa8-8703-73528d0ad8ac">
      <![CDATA[org.openqa.selenium.TimeoutException: Expected condition failed: waiting for visibility of element located by By.xpath: //div[contains(@class, 'product-list')]//a[contains(@href, 'bosch')] (tried for 30 second(s) with 500 milliseconds interval)
Build info: version: '4.33.0', revision: '2c6aaad03a'
System info: os.name: 'Windows 11', os.arch: 'amd64', os.version: '10.0', java.version: '23.0.2'
Driver info: org.openqa.selenium.firefox.FirefoxDriver
Capabilities {acceptInsecureCerts: true, browserName: firefox, browserVersion: 142.0.1, moz:accessibilityChecks: false, moz:buildID: 20250827004350, moz:geckodriverVersion: 0.36.0, moz:headless: true, moz:platformVersion: 10.0, moz:processID: 21864, moz:profile: C:\Users\Admin\AppData\Loca..., moz:shutdownTimeout: 60000, moz:webdriverClick: true, moz:windowless: false, pageLoadStrategy: normal, platformName: windows, proxy: Proxy(), setWindowRect: true, strictFileInteractability: false, timeouts: {implicit: 0, pageLoad: 300000, script: 30000}, unhandledPromptBehavior: dismiss and notify, userAgent: Mozilla/5.0 (Windows NT 10....}
Session ID: a529dead-ca7b-4aa8-8703-73528d0ad8ac
at org.openqa.selenium.support.ui.WebDriverWait.timeoutException(WebDriverWait.java:84)
at org.openqa.selenium.support.ui.FluentWait.until(FluentWait.java:228)
at automation.common.CommonBase.getListElementDOM(CommonBase.java:188)
at automation.testsuite.MayRuaChenBat_Test.searchByBranchAndOrigin_checklist(MayRuaChenBat_Test.java:111)
at java.base/java.util.ArrayList.forEach(ArrayList.java:1597)
... Removed 25 stack frames]]>
    </failure>
  </testcase> <!-- searchByBranchAndOrigin_checklist -->
  <testcase classname="automation.testsuite.MayRuaChenBat_Test" name="searchByBranchAndPriceAndOriginAndQuantity_checklist" time="10.098"/>
  <testcase classname="automation.testsuite.MayRuaChenBat_Test" name="searchByBranchAndPriceAndOrigin_checklist" time="7.13"/>
  <testcase classname="automation.testsuite.MayRuaChenBat_Test" name="searchByBranchAndPriceAndQuantity_checklist" time="7.717"/>
  <testcase classname="automation.testsuite.MayRuaChenBat_Test" name="searchByBranchAndPrice_checklist" time="3.6"/>
  <testcase classname="automation.testsuite.MayRuaChenBat_Test" name="searchByBranchAndQuantity_checklist" time="4.992"/>
  <testcase classname="automation.testsuite.MayRuaChenBat_Test" name="searchByBranch_checkItemInList" time="0.109"/>
  <testcase classname="automation.testsuite.MayRuaChenBat_Test" name="searchByOriginAndQuantity_checklist" time="10.837"/>
  <testcase classname="automation.testsuite.MayRuaChenBat_Test" name="searchByOrigin_checkItemInList" time="0.285">
    <failure type="org.openqa.selenium.NoSuchElementException" message="Unable to locate element: //a[contains(@href, &amp;apos;bosch-sms6zci42e&amp;apos;)]
For documentation on this error, please visit: https://www.selenium.dev/documentation/webdriver/troubleshooting/errors#no-such-element-exception
Build info: version: &amp;apos;4.33.0&amp;apos;, revision: &amp;apos;2c6aaad03a&amp;apos;
System info: os.name: &amp;apos;Windows 11&amp;apos;, os.arch: &amp;apos;amd64&amp;apos;, os.version: &amp;apos;10.0&amp;apos;, java.version: &amp;apos;23.0.2&amp;apos;
Driver info: org.openqa.selenium.firefox.FirefoxDriver
Command: [042cc493-0df7-4d45-83d5-a9be9ef0376e, findElement {value=//a[contains(@href, &amp;apos;bosch-sms6zci42e&amp;apos;)], using=xpath}]
Capabilities {acceptInsecureCerts: true, browserName: firefox, browserVersion: 142.0.1, moz:accessibilityChecks: false, moz:buildID: 20250827004350, moz:geckodriverVersion: 0.36.0, moz:headless: true, moz:platformVersion: 10.0, moz:processID: 6208, moz:profile: C:\Users\Admin\AppData\Loca..., moz:shutdownTimeout: 60000, moz:webdriverClick: true, moz:windowless: false, pageLoadStrategy: normal, platformName: windows, proxy: Proxy(), setWindowRect: true, strictFileInteractability: false, timeouts: {implicit: 0, pageLoad: 300000, script: 30000}, unhandledPromptBehavior: dismiss and notify, userAgent: Mozilla/5.0 (Windows NT 10....}
Session ID: 042cc493-0df7-4d45-83d5-a9be9ef0376e">
      <![CDATA[org.openqa.selenium.NoSuchElementException: Unable to locate element: //a[contains(@href, 'bosch-sms6zci42e')]
For documentation on this error, please visit: https://www.selenium.dev/documentation/webdriver/troubleshooting/errors#no-such-element-exception
Build info: version: '4.33.0', revision: '2c6aaad03a'
System info: os.name: 'Windows 11', os.arch: 'amd64', os.version: '10.0', java.version: '23.0.2'
Driver info: org.openqa.selenium.firefox.FirefoxDriver
Command: [042cc493-0df7-4d45-83d5-a9be9ef0376e, findElement {value=//a[contains(@href, 'bosch-sms6zci42e')], using=xpath}]
Capabilities {acceptInsecureCerts: true, browserName: firefox, browserVersion: 142.0.1, moz:accessibilityChecks: false, moz:buildID: 20250827004350, moz:geckodriverVersion: 0.36.0, moz:headless: true, moz:platformVersion: 10.0, moz:processID: 6208, moz:profile: C:\Users\Admin\AppData\Loca..., moz:shutdownTimeout: 60000, moz:webdriverClick: true, moz:windowless: false, pageLoadStrategy: normal, platformName: windows, proxy: Proxy(), setWindowRect: true, strictFileInteractability: false, timeouts: {implicit: 0, pageLoad: 300000, script: 30000}, unhandledPromptBehavior: dismiss and notify, userAgent: Mozilla/5.0 (Windows NT 10....}
Session ID: 042cc493-0df7-4d45-83d5-a9be9ef0376e
at org.openqa.selenium.remote.ErrorCodec.decode(ErrorCodec.java:167)
at org.openqa.selenium.remote.codec.w3c.W3CHttpResponseCodec.decode(W3CHttpResponseCodec.java:138)
at org.openqa.selenium.remote.codec.w3c.W3CHttpResponseCodec.decode(W3CHttpResponseCodec.java:50)
at org.openqa.selenium.remote.HttpCommandExecutor.execute(HttpCommandExecutor.java:215)
at org.openqa.selenium.remote.service.DriverCommandExecutor.invokeExecute(DriverCommandExecutor.java:216)
at org.openqa.selenium.remote.service.DriverCommandExecutor.execute(DriverCommandExecutor.java:174)
at org.openqa.selenium.remote.RemoteWebDriver.execute(RemoteWebDriver.java:544)
at org.openqa.selenium.remote.ElementLocation$ElementFinder$2.findElement(ElementLocation.java:165)
at org.openqa.selenium.remote.ElementLocation.findElement(ElementLocation.java:59)
at org.openqa.selenium.remote.RemoteWebDriver.findElement(RemoteWebDriver.java:367)
at org.openqa.selenium.remote.RemoteWebDriver.findElement(RemoteWebDriver.java:361)
at automation.common.CommonBase.clickByJS(CommonBase.java:150)
at automation.testsuite.MayRuaChenBat_Test.searchByOrigin_checkItemInList(MayRuaChenBat_Test.java:57)
at java.base/java.util.ArrayList.forEach(ArrayList.java:1597)
... Removed 28 stack frames]]>
    </failure>
  </testcase> <!-- searchByOrigin_checkItemInList -->
  <testcase classname="automation.testsuite.MayRuaChenBat_Test" name="searchByPriceAndOriginAndQuantity_checklist" time="8.331"/>
  <testcase classname="automation.testsuite.MayRuaChenBat_Test" name="searchByPriceAndOrigin_checklist" time="4.211"/>
  <testcase classname="automation.testsuite.MayRuaChenBat_Test" name="searchByPriceAndQuantity_checklist" time="4.577"/>
  <testcase classname="automation.testsuite.MayRuaChenBat_Test" name="searchByPrice_checkItemInList" time="2.009"/>
  <testcase classname="automation.testsuite.MayRuaChenBat_Test" name="searchByQuantity_checkItemInList" time="0.22">
    <failure type="org.openqa.selenium.NoSuchElementException" message="Unable to locate element: //a[contains(@href, &amp;apos;bosch-sps4emi60e&amp;apos;)]
For documentation on this error, please visit: https://www.selenium.dev/documentation/webdriver/troubleshooting/errors#no-such-element-exception
Build info: version: &amp;apos;4.33.0&amp;apos;, revision: &amp;apos;2c6aaad03a&amp;apos;
System info: os.name: &amp;apos;Windows 11&amp;apos;, os.arch: &amp;apos;amd64&amp;apos;, os.version: &amp;apos;10.0&amp;apos;, java.version: &amp;apos;23.0.2&amp;apos;
Driver info: org.openqa.selenium.firefox.FirefoxDriver
Command: [5e6960ef-aa21-462c-95d6-798bda24894c, findElement {value=//a[contains(@href, &amp;apos;bosch-sps4emi60e&amp;apos;)], using=xpath}]
Capabilities {acceptInsecureCerts: true, browserName: firefox, browserVersion: 142.0.1, moz:accessibilityChecks: false, moz:buildID: 20250827004350, moz:geckodriverVersion: 0.36.0, moz:headless: true, moz:platformVersion: 10.0, moz:processID: 21108, moz:profile: C:\Users\Admin\AppData\Loca..., moz:shutdownTimeout: 60000, moz:webdriverClick: true, moz:windowless: false, pageLoadStrategy: normal, platformName: windows, proxy: Proxy(), setWindowRect: true, strictFileInteractability: false, timeouts: {implicit: 0, pageLoad: 300000, script: 30000}, unhandledPromptBehavior: dismiss and notify, userAgent: Mozilla/5.0 (Windows NT 10....}
Session ID: 5e6960ef-aa21-462c-95d6-798bda24894c">
      <![CDATA[org.openqa.selenium.NoSuchElementException: Unable to locate element: //a[contains(@href, 'bosch-sps4emi60e')]
For documentation on this error, please visit: https://www.selenium.dev/documentation/webdriver/troubleshooting/errors#no-such-element-exception
Build info: version: '4.33.0', revision: '2c6aaad03a'
System info: os.name: 'Windows 11', os.arch: 'amd64', os.version: '10.0', java.version: '23.0.2'
Driver info: org.openqa.selenium.firefox.FirefoxDriver
Command: [5e6960ef-aa21-462c-95d6-798bda24894c, findElement {value=//a[contains(@href, 'bosch-sps4emi60e')], using=xpath}]
Capabilities {acceptInsecureCerts: true, browserName: firefox, browserVersion: 142.0.1, moz:accessibilityChecks: false, moz:buildID: 20250827004350, moz:geckodriverVersion: 0.36.0, moz:headless: true, moz:platformVersion: 10.0, moz:processID: 21108, moz:profile: C:\Users\Admin\AppData\Loca..., moz:shutdownTimeout: 60000, moz:webdriverClick: true, moz:windowless: false, pageLoadStrategy: normal, platformName: windows, proxy: Proxy(), setWindowRect: true, strictFileInteractability: false, timeouts: {implicit: 0, pageLoad: 300000, script: 30000}, unhandledPromptBehavior: dismiss and notify, userAgent: Mozilla/5.0 (Windows NT 10....}
Session ID: 5e6960ef-aa21-462c-95d6-798bda24894c
at org.openqa.selenium.remote.ErrorCodec.decode(ErrorCodec.java:167)
at org.openqa.selenium.remote.codec.w3c.W3CHttpResponseCodec.decode(W3CHttpResponseCodec.java:138)
at org.openqa.selenium.remote.codec.w3c.W3CHttpResponseCodec.decode(W3CHttpResponseCodec.java:50)
at org.openqa.selenium.remote.HttpCommandExecutor.execute(HttpCommandExecutor.java:215)
at org.openqa.selenium.remote.service.DriverCommandExecutor.invokeExecute(DriverCommandExecutor.java:216)
at org.openqa.selenium.remote.service.DriverCommandExecutor.execute(DriverCommandExecutor.java:174)
at org.openqa.selenium.remote.RemoteWebDriver.execute(RemoteWebDriver.java:544)
at org.openqa.selenium.remote.ElementLocation$ElementFinder$2.findElement(ElementLocation.java:165)
at org.openqa.selenium.remote.ElementLocation.findElement(ElementLocation.java:59)
at org.openqa.selenium.remote.RemoteWebDriver.findElement(RemoteWebDriver.java:367)
at org.openqa.selenium.remote.RemoteWebDriver.findElement(RemoteWebDriver.java:361)
at automation.common.CommonBase.clickByJS(CommonBase.java:150)
at automation.testsuite.MayRuaChenBat_Test.searchByQuantity_checkItemInList(MayRuaChenBat_Test.java:68)
at java.base/java.util.ArrayList.forEach(ArrayList.java:1597)
... Removed 28 stack frames]]>
    </failure>
  </testcase> <!-- searchByQuantity_checkItemInList -->
  <testcase classname="automation.testsuite.MayRuaChenBat_Test" name="viewDetailsAProduct_checkProduct" time="2.232"/>
  <testcase classname="automation.testsuite.MayRuaChenBatDetails_Test" name="buyInstallment_Failed_With_Empty_Address" time="0.414"/>
  <testcase classname="automation.testsuite.MayRuaChenBatDetails_Test" name="buyInstallment_Failed_With_Empty_Name" time="0.375"/>
  <testcase classname="automation.testsuite.MayRuaChenBatDetails_Test" name="buyInstallment_Failed_With_Empty_Phone" time="0.399"/>
  <testcase classname="automation.testsuite.MayRuaChenBatDetails_Test" name="checkBuyInstallments_openPopup" time="0.091"/>
  <testcase classname="automation.testsuite.MayRuaChenBatDetails_Test" name="checkSurveyInDetails_openPopup" time="0.159"/>
  <testcase classname="automation.testsuite.MayRuaChenBatDetails_Test" name="receiveConsult_Failed_With_Empty_Address" time="0.348"/>
  <testcase classname="automation.testsuite.MayRuaChenBatDetails_Test" name="receiveConsult_Failed_With_Empty_Name" time="0.334"/>
  <testcase classname="automation.testsuite.MayRuaChenBatDetails_Test" name="receiveConsult_Failed_With_Empty_Phone" time="0.408"/>
  <testcase classname="automation.testsuite.MayRuaChenBatCheckout_Tests" name="payment_Failed_With_Empty_Address" time="0.316"/>
  <testcase classname="automation.testsuite.MayRuaChenBatCheckout_Tests" name="payment_Failed_With_Empty_Name" time="0.283"/>
  <testcase classname="automation.testsuite.MayRuaChenBatCheckout_Tests" name="payment_Failed_With_Empty_Phone" time="0.264"/>
</testsuite> <!-- Regression Test on Firefox -->
